<?xml version="1.0" encoding="UTF-8"?>
<coverage generated="1756999036168" clover="3.2.0">
  <project timestamp="1756999036168" name="All files">
    <metrics statements="2" coveredstatements="2" conditionals="0" coveredconditionals="0" methods="2" coveredmethods="2" elements="4" coveredelements="4" complexity="0" loc="2" ncloc="2" packages="1" files="1" classes="1"/>
    <file name="MyClass.ts" path="C:\Users\daniele.totisco\source\repos\personal\public\nodenext-ts-library-poc\src\MyClass.ts">
      <metrics statements="2" coveredstatements="2" conditionals="0" coveredconditionals="0" methods="2" coveredmethods="2"/>
      <line num="2" count="2" type="stmt"/>
      <line num="4" count="2" type="stmt"/>
    </file>
  </project>
</coverage>
