{"C:\\Users\\daniele.totisco\\source\\repos\\personal\\public\\nodenext-ts-library-poc\\src\\MyClass.ts": {"path":"C:\\Users\\daniele.totisco\\source\\repos\\personal\\public\\nodenext-ts-library-poc\\src\\MyClass.ts","statementMap":{"0":{"start":{"line":2,"column":24},"end":{"line":2,"column":36}},"1":{"start":{"line":4,"column":8},"end":{"line":4,"column":38}}},"fnMap":{"0":{"name":"(anonymous_0)","decl":{"start":{"line":2,"column":4},"end":{"line":2,"column":24}},"loc":{"start":{"line":2,"column":36},"end":{"line":2,"column":41}}},"1":{"name":"(anonymous_1)","decl":{"start":{"line":3,"column":4},"end":{"line":3,"column":9}},"loc":{"start":{"line":3,"column":9},"end":{"line":5,"column":5}}}},"branchMap":{},"s":{"0":2,"1":2},"f":{"0":2,"1":2},"b":{}}
}
